0 info it worked if it ends with ok
1 verbose cli [ '/Users/HyeyoonJung/.nvm/versions/node/v6.9.4/bin/node',
1 verbose cli   '/Users/HyeyoonJung/.nvm/versions/node/v6.9.4/bin/npm',
1 verbose cli   'run',
1 verbose cli   'dev' ]
2 info using npm@4.1.2
3 info using node@v6.9.4
4 verbose run-script [ 'predev', 'dev', 'postdev' ]
5 info lifecycle sass-advanced-study@0.0.1~predev: sass-advanced-study@0.0.1
6 silly lifecycle sass-advanced-study@0.0.1~predev: no script for predev, continuing
7 info lifecycle sass-advanced-study@0.0.1~dev: sass-advanced-study@0.0.1
8 verbose lifecycle sass-advanced-study@0.0.1~dev: unsafe-perm in lifecycle true
9 verbose lifecycle sass-advanced-study@0.0.1~dev: PATH: /Users/HyeyoonJung/.nvm/versions/node/v6.9.4/lib/node_modules/npm/bin/node-gyp-bin:/Users/HyeyoonJung/Desktop/fastcampus/grid-system-wireframe/node_modules/.bin:/Users/HyeyoonJung/.nvm/versions/node/v6.9.4/lib/node_modules/npm/bin/node-gyp-bin:/Users/HyeyoonJung/Desktop/fastcampus/grid-system-wireframe/node_modules/.bin:/Users/HyeyoonJung/.nvm/versions/node/v6.9.4/bin:/Users/HyeyoonJung/anaconda/bin:/usr/local/bin:/usr/bin:/bin:/usr/sbin:/sbin:/Users/HyeyoonJung/anaconda/bin
10 verbose lifecycle sass-advanced-study@0.0.1~dev: CWD: /Users/HyeyoonJung/Desktop/fastcampus/grid-system-wireframe
11 silly lifecycle sass-advanced-study@0.0.1~dev: Args: [ '-c', 'lite-server' ]
12 info lifecycle sass-advanced-study@0.0.1~dev: Failed to exec dev script
13 verbose stack Error: sass-advanced-study@0.0.1 dev: `lite-server`
13 verbose stack spawn ENOENT
13 verbose stack     at ChildProcess.<anonymous> (/Users/HyeyoonJung/.nvm/versions/node/v6.9.4/lib/node_modules/npm/lib/utils/spawn.js:33:16)
13 verbose stack     at emitTwo (events.js:106:13)
13 verbose stack     at ChildProcess.emit (events.js:191:7)
13 verbose stack     at maybeClose (internal/child_process.js:877:16)
13 verbose stack     at Process.ChildProcess._handle.onexit (internal/child_process.js:226:5)
14 verbose pkgid sass-advanced-study@0.0.1
15 verbose cwd /Users/HyeyoonJung/Desktop/fastcampus/grid-system-wireframe
16 error Darwin 15.6.0
17 error argv "/Users/HyeyoonJung/.nvm/versions/node/v6.9.4/bin/node" "/Users/HyeyoonJung/.nvm/versions/node/v6.9.4/bin/npm" "run" "dev"
18 error node v6.9.4
19 error npm  v4.1.2
20 error file sh
21 error code ELIFECYCLE
22 error errno ENOENT
23 error syscall spawn
24 error sass-advanced-study@0.0.1 dev: `lite-server`
24 error spawn ENOENT
25 error Failed at the sass-advanced-study@0.0.1 dev script 'lite-server'.
25 error Make sure you have the latest version of node.js and npm installed.
25 error If you do, this is most likely a problem with the sass-advanced-study package,
25 error not with npm itself.
25 error Tell the author that this fails on your system:
25 error     lite-server
25 error You can get information on how to open an issue for this project with:
25 error     npm bugs sass-advanced-study
25 error Or if that isn't available, you can get their info via:
25 error     npm owner ls sass-advanced-study
25 error There is likely additional logging output above.
26 verbose exit [ 1, true ]
